<?xml version="1.0" encoding="UTF-8"?>
<!-- Generated by org.testng.reporters.JUnitReportReporter -->
<testsuite hostname="DESKTOP-N60QB27" failures="0" tests="4" name="tests.SampleTest" time="10.979" errors="0" timestamp="2022-12-09T19:16:10 IST" skipped="0">
  <testcase classname="tests.SampleTest" name="loginTest" time="3.688"/>
  <testcase classname="tests.SampleTest" name="loginTest" time="3.766"/>
  <testcase classname="tests.SampleTest" name="addProductTillCheckOutTest" time="1.555"/>
  <testcase classname="tests.SampleTest" name="addProductTillCheckOutTest" time="1.970"/>
</testsuite> <!-- tests.SampleTest -->
